{"uuid":"9896347b-5707-4080-a297-6e266c26e03e","name":"Default suite","children":["72288af6-4e63-49df-8fb3-056037eb6a67"],"befores":[{"name":"tc1","status":"broken","statusDetails":{"known":false,"muted":false,"flaky":false,"message":"Cannot run program \"cmd\" (in directory \"C:\\Users\\mharis\\eclipse-workspace\\maventestapk\\src\\appiumemulator\"): CreateProcess error=267, The directory name is invalid","trace":"java.io.IOException: Cannot run program \"cmd\" (in directory \"C:\\Users\\mharis\\eclipse-workspace\\maventestapk\\src\\appiumemulator\"): CreateProcess error=267, The directory name is invalid\r\n\tat java.lang.ProcessBuilder.start(ProcessBuilder.java:1048)\r\n\tat testapk.Testcases.tc1(Testcases.java:49)\r\n\tat sun.reflect.NativeMethodAccessorImpl.invoke0(Native Method)\r\n\tat sun.reflect.NativeMethodAccessorImpl.invoke(NativeMethodAccessorImpl.java:62)\r\n\tat sun.reflect.DelegatingMethodAccessorImpl.invoke(DelegatingMethodAccessorImpl.java:43)\r\n\tat java.lang.reflect.Method.invoke(Method.java:498)\r\n\tat org.testng.internal.MethodInvocationHelper.invokeMethod(MethodInvocationHelper.java:133)\r\n\tat org.testng.internal.MethodInvocationHelper.invokeMethodConsideringTimeout(MethodInvocationHelper.java:62)\r\n\tat org.testng.internal.ConfigInvoker.invokeConfigurationMethod(ConfigInvoker.java:340)\r\n\tat org.testng.internal.ConfigInvoker.invokeConfigurations(ConfigInvoker.java:294)\r\n\tat org.testng.SuiteRunner.privateRun(SuiteRunner.java:345)\r\n\tat org.testng.SuiteRunner.run(SuiteRunner.java:304)\r\n\tat org.testng.SuiteRunnerWorker.runSuite(SuiteRunnerWorker.java:53)\r\n\tat org.testng.SuiteRunnerWorker.run(SuiteRunnerWorker.java:96)\r\n\tat org.testng.TestNG.runSuitesSequentially(TestNG.java:1180)\r\n\tat org.testng.TestNG.runSuitesLocally(TestNG.java:1102)\r\n\tat org.testng.TestNG.runSuites(TestNG.java:1032)\r\n\tat org.testng.TestNG.run(TestNG.java:1000)\r\n\tat org.testng.remote.AbstractRemoteTestNG.run(AbstractRemoteTestNG.java:115)\r\n\tat org.testng.remote.RemoteTestNG.initAndRun(RemoteTestNG.java:251)\r\n\tat org.testng.remote.RemoteTestNG.main(RemoteTestNG.java:77)\r\nCaused by: java.io.IOException: CreateProcess error=267, The directory name is invalid\r\n\tat java.lang.ProcessImpl.create(Native Method)\r\n\tat java.lang.ProcessImpl.<init>(ProcessImpl.java:386)\r\n\tat java.lang.ProcessImpl.start(ProcessImpl.java:137)\r\n\tat java.lang.ProcessBuilder.start(ProcessBuilder.java:1029)\r\n\t... 20 more\r\n"},"stage":"finished","description":"","steps":[],"attachments":[],"parameters":[],"start":1575873995703,"stop":1575873995720}],"afters":[],"links":[],"start":1575873995688,"stop":1575873995996}