{"name":"tc6","status":"skipped","statusDetails":{"known":false,"muted":false,"flaky":false,"message":"Cannot run program \"cmd\" (in directory \"C:\\Users\\mharis\\eclipse-workspace\\maventestapk\\src\\appiumemulator\"): CreateProcess error=267, The directory name is invalid","trace":"java.io.IOException: Cannot run program \"cmd\" (in directory \"C:\\Users\\mharis\\eclipse-workspace\\maventestapk\\src\\appiumemulator\"): CreateProcess error=267, The directory name is invalid\r\n\tat java.lang.ProcessBuilder.start(ProcessBuilder.java:1048)\r\n\tat testapk.Testcases.tc1(Testcases.java:49)\r\n\tat sun.reflect.NativeMethodAccessorImpl.invoke0(Native Method)\r\n\tat sun.reflect.NativeMethodAccessorImpl.invoke(NativeMethodAccessorImpl.java:62)\r\n\tat sun.reflect.DelegatingMethodAccessorImpl.invoke(DelegatingMethodAccessorImpl.java:43)\r\n\tat java.lang.reflect.Method.invoke(Method.java:498)\r\n\tat org.testng.internal.MethodInvocationHelper.invokeMethod(MethodInvocationHelper.java:133)\r\n\tat org.testng.internal.MethodInvocationHelper.invokeMethodConsideringTimeout(MethodInvocationHelper.java:62)\r\n\tat org.testng.internal.ConfigInvoker.invokeConfigurationMethod(ConfigInvoker.java:340)\r\n\tat org.testng.internal.ConfigInvoker.invokeConfigurations(ConfigInvoker.java:294)\r\n\tat org.testng.SuiteRunner.privateRun(SuiteRunner.java:345)\r\n\tat org.testng.SuiteRunner.run(SuiteRunner.java:304)\r\n\tat org.testng.SuiteRunnerWorker.runSuite(SuiteRunnerWorker.java:53)\r\n\tat org.testng.SuiteRunnerWorker.run(SuiteRunnerWorker.java:96)\r\n\tat org.testng.TestNG.runSuitesSequentially(TestNG.java:1180)\r\n\tat org.testng.TestNG.runSuitesLocally(TestNG.java:1102)\r\n\tat org.testng.TestNG.runSuites(TestNG.java:1032)\r\n\tat org.testng.TestNG.run(TestNG.java:1000)\r\n\tat org.testng.remote.AbstractRemoteTestNG.run(AbstractRemoteTestNG.java:115)\r\n\tat org.testng.remote.RemoteTestNG.initAndRun(RemoteTestNG.java:251)\r\n\tat org.testng.remote.RemoteTestNG.main(RemoteTestNG.java:77)\r\nCaused by: java.io.IOException: CreateProcess error=267, The directory name is invalid\r\n\tat java.lang.ProcessImpl.create(Native Method)\r\n\tat java.lang.ProcessImpl.<init>(ProcessImpl.java:386)\r\n\tat java.lang.ProcessImpl.start(ProcessImpl.java:137)\r\n\tat java.lang.ProcessBuilder.start(ProcessBuilder.java:1029)\r\n\t... 20 more\r\n"},"stage":"finished","steps":[],"attachments":[],"parameters":[],"start":1575874047478,"stop":1575874047479,"uuid":"b5fed410-113c-4817-9246-44644612101c","historyId":"375464bb37dde9347ed8f47bf39de729","fullName":"testapk.Testcases.tc6","labels":[{"name":"package","value":"testapk.Testcases"},{"name":"testClass","value":"testapk.Testcases"},{"name":"testMethod","value":"tc6"},{"name":"parentSuite","value":"Default suite"},{"name":"suite","value":"Default test"},{"name":"subSuite","value":"testapk.Testcases"},{"name":"host","value":"DESKTOP-C6SCVB2"},{"name":"thread","value":"6564@DESKTOP-C6SCVB2.main(1)"},{"name":"framework","value":"testng"},{"name":"language","value":"java"},{"name":"severity","value":"trivial"}],"links":[]}